2019-08-10T06:56:13.548Z - info: ::1 - GET /productos HTTP/1.1 200 251 - 7.768 ms
2019-08-10T07:27:22.169Z - info: ::1 - POST /usuarios HTTP/1.1 400 96 - 5.188 ms
2019-08-10T07:28:15.970Z - info: ::1 - POST /usuarios HTTP/1.1 400 96 - 2.239 ms
2019-08-10T07:28:55.527Z - info: ::1 - POST /usuarios HTTP/1.1 400 96 - 0.432 ms
2019-08-10T07:29:01.699Z - info: ::1 - POST /usuarios HTTP/1.1 400 96 - 0.422 ms
2019-08-10T07:30:18.641Z - info: ::1 - POST /usuarios HTTP/1.1 400 96 - 0.338 ms
2019-08-10T07:30:33.103Z - info: ::1 - POST /usuarios HTTP/1.1 400 96 - 1.100 ms
2019-08-10T07:30:34.242Z - info: ::1 - POST /usuarios HTTP/1.1 400 96 - 0.463 ms
2019-08-10T07:31:27.192Z - info: ::1 - POST /usuarios HTTP/1.1 201 32 - 97.520 ms
2019-08-10T07:32:24.784Z - info: ::1 - POST /usuarios HTTP/1.1 400 96 - 0.479 ms
2019-08-10T07:32:30.678Z - info: ::1 - POST /usuarios HTTP/1.1 400 96 - 0.438 ms
2019-08-10T07:32:41.085Z - info: ::1 - POST /usuarios HTTP/1.1 400 96 - 0.482 ms
2019-08-10T07:32:44.771Z - info: ::1 - POST /usuarios HTTP/1.1 400 96 - 0.482 ms
2019-08-10T07:33:55.353Z - info: ::1 - POST /usuarios HTTP/1.1 400 96 - 0.365 ms
2019-08-10T07:33:56.528Z - info: ::1 - POST /usuarios HTTP/1.1 400 96 - 0.489 ms
2019-08-10T07:34:19.091Z - info: ::1 - POST /usuarios HTTP/1.1 201 32 - 101.297 ms
2019-08-10T08:03:50.684Z - info: ::1 - GET /usuarios/login HTTP/1.1 404 153 - 1.656 ms
2019-08-10T08:04:03.417Z - info: ::1 - POST /usuarios/login HTTP/1.1 200 199 - 109.589 ms
2019-08-10T08:04:28.726Z - info: ::1 - GET /productos HTTP/1.1 200 251 - 0.405 ms
2019-08-10T08:06:13.917Z - info: ::1 - GET /usuarios HTTP/1.1 200 285 - 3.664 ms
